<?xml version="1.0" encoding="UTF-8" ?>
<testsuite failures="0" time="0.022" errors="0" skipped="0" tests="1" name="org.benevolat.project.test.TestMissionRegistration">
  <properties>
    <property name="java.runtime.name" value="Java(TM) SE Runtime Environment"/>
    <property name="sun.boot.library.path" value="C:\Program Files\Java\jdk1.7.0_21\jre\bin"/>
    <property name="java.vm.version" value="23.21-b01"/>
    <property name="java.vm.vendor" value="Oracle Corporation"/>
    <property name="java.vendor.url" value="http://java.oracle.com/"/>
    <property name="path.separator" value=";"/>
    <property name="java.vm.name" value="Java HotSpot(TM) 64-Bit Server VM"/>
    <property name="file.encoding.pkg" value="sun.io"/>
    <property name="user.script" value=""/>
    <property name="user.country" value="CH"/>
    <property name="sun.java.launcher" value="SUN_STANDARD"/>
    <property name="sun.os.patch.level" value=""/>
    <property name="java.vm.specification.name" value="Java Virtual Machine Specification"/>
    <property name="user.dir" value="C:\Dev\project\benevolat-ear\benevolat-root\benevolat-root-ejb"/>
    <property name="java.runtime.version" value="1.7.0_21-b11"/>
    <property name="java.awt.graphicsenv" value="sun.awt.Win32GraphicsEnvironment"/>
    <property name="basedir" value="C:\Dev\project\benevolat-ear\benevolat-root\benevolat-root-ejb"/>
    <property name="java.endorsed.dirs" value="C:\Program Files\Java\jdk1.7.0_21\jre\lib\endorsed"/>
    <property name="os.arch" value="amd64"/>
    <property name="surefire.real.class.path" value="C:\Users\Thomas\AppData\Local\Temp\surefirebooter7245427974403904024.jar"/>
    <property name="java.io.tmpdir" value="C:\Users\Thomas\AppData\Local\Temp\"/>
    <property name="line.separator" value="
"/>
    <property name="java.vm.specification.vendor" value="Oracle Corporation"/>
    <property name="user.variant" value=""/>
    <property name="os.name" value="Windows 8"/>
    <property name="sun.jnu.encoding" value="Cp1252"/>
    <property name="java.library.path" value="C:\Program Files\Java\jdk1.7.0_21\jre\bin;C:\Windows\Sun\Java\bin;C:\Windows\system32;C:\Windows;C:\Ruby200-x64\bin;C:\Program Files (x86)\QuickTime\QTSystem\;C:\Ruby200-x64\bin;C:\Program Files (x86)\Git\bin;C:\Program Files\Java\jdk1.7.0_21\bin;C:\Dev\apache-maven-3.0.5\bin;C:\Dev\jboss-as-7.1.1.Final\bin;C:\Windows\System32;."/>
    <property name="surefire.test.class.path" value="C:\Dev\project\benevolat-ear\benevolat-root\benevolat-root-ejb\target\test-classes;C:\Dev\project\benevolat-ear\benevolat-root\benevolat-root-ejb\target\classes;C:\Users\Thomas\.m2\repository\org\jboss\spec\javax\ejb\jboss-ejb-api_3.1_spec\1.0.2.Final\jboss-ejb-api_3.1_spec-1.0.2.Final.jar;C:\Users\Thomas\.m2\repository\javax\enterprise\cdi-api\1.0-SP4\cdi-api-1.0-SP4.jar;C:\Users\Thomas\.m2\repository\org\jboss\spec\javax\interceptor\jboss-interceptors-api_1.1_spec\1.0.1.Final\jboss-interceptors-api_1.1_spec-1.0.1.Final.jar;C:\Users\Thomas\.m2\repository\javax\inject\javax.inject\1\javax.inject-1.jar;C:\Users\Thomas\.m2\repository\org\hibernate\javax\persistence\hibernate-jpa-2.0-api\1.0.1.Final\hibernate-jpa-2.0-api-1.0.1.Final.jar;C:\Users\Thomas\.m2\repository\org\hibernate\hibernate-validator\4.2.0.Final\hibernate-validator-4.2.0.Final.jar;C:\Users\Thomas\.m2\repository\javax\validation\validation-api\1.0.0.GA\validation-api-1.0.0.GA.jar;C:\Users\Thomas\.m2\repository\org\slf4j\slf4j-api\1.6.1\slf4j-api-1.6.1.jar;C:\Users\Thomas\.m2\repository\org\hibernate\hibernate-jpamodelgen\1.2.0.Final\hibernate-jpamodelgen-1.2.0.Final.jar;C:\Users\Thomas\.m2\repository\org\hibernate\hibernate-annotations\3.5.6-Final\hibernate-annotations-3.5.6-Final.jar;C:\Users\Thomas\.m2\repository\org\hibernate\hibernate-core\4.1.1.Final\hibernate-core-4.1.1.Final.jar;C:\Users\Thomas\.m2\repository\antlr\antlr\2.7.7\antlr-2.7.7.jar;C:\Users\Thomas\.m2\repository\org\jboss\logging\jboss-logging\3.1.0.GA\jboss-logging-3.1.0.GA.jar;C:\Users\Thomas\.m2\repository\org\jboss\spec\javax\transaction\jboss-transaction-api_1.1_spec\1.0.1.Final\jboss-transaction-api_1.1_spec-1.0.1.Final.jar;C:\Users\Thomas\.m2\repository\dom4j\dom4j\1.6.1\dom4j-1.6.1.jar;C:\Users\Thomas\.m2\repository\org\javassist\javassist\3.15.0-GA\javassist-3.15.0-GA.jar;C:\Users\Thomas\.m2\repository\org\hibernate\common\hibernate-commons-annotations\4.0.1.Final\hibernate-commons-annotations-4.0.1.Final.jar;C:\Users\Thomas\.m2\repository\org\hibernate\hibernate-commons-annotations\3.2.0.Final\hibernate-commons-annotations-3.2.0.Final.jar;C:\Users\Thomas\.m2\repository\org\hibernate\hibernate-validator-annotation-processor\4.2.0.Final\hibernate-validator-annotation-processor-4.2.0.Final.jar;C:\Users\Thomas\.m2\repository\junit\junit\4.10\junit-4.10.jar;C:\Users\Thomas\.m2\repository\org\hamcrest\hamcrest-core\1.1\hamcrest-core-1.1.jar;C:\Users\Thomas\.m2\repository\org\jboss\arquillian\junit\arquillian-junit-container\1.0.0.Final\arquillian-junit-container-1.0.0.Final.jar;C:\Users\Thomas\.m2\repository\org\jboss\arquillian\junit\arquillian-junit-core\1.0.0.Final\arquillian-junit-core-1.0.0.Final.jar;C:\Users\Thomas\.m2\repository\org\jboss\arquillian\test\arquillian-test-api\1.0.0.Final\arquillian-test-api-1.0.0.Final.jar;C:\Users\Thomas\.m2\repository\org\jboss\arquillian\core\arquillian-core-api\1.0.0.Final\arquillian-core-api-1.0.0.Final.jar;C:\Users\Thomas\.m2\repository\org\jboss\arquillian\test\arquillian-test-spi\1.0.0.Final\arquillian-test-spi-1.0.0.Final.jar;C:\Users\Thomas\.m2\repository\org\jboss\arquillian\core\arquillian-core-spi\1.0.0.Final\arquillian-core-spi-1.0.0.Final.jar;C:\Users\Thomas\.m2\repository\org\jboss\shrinkwrap\shrinkwrap-api\1.0.0\shrinkwrap-api-1.0.0.jar;C:\Users\Thomas\.m2\repository\org\jboss\arquillian\container\arquillian-container-test-api\1.0.0.Final\arquillian-container-test-api-1.0.0.Final.jar;C:\Users\Thomas\.m2\repository\org\jboss\arquillian\container\arquillian-container-test-spi\1.0.0.Final\arquillian-container-test-spi-1.0.0.Final.jar;C:\Users\Thomas\.m2\repository\org\jboss\arquillian\core\arquillian-core-impl-base\1.0.0.Final\arquillian-core-impl-base-1.0.0.Final.jar;C:\Users\Thomas\.m2\repository\org\jboss\arquillian\test\arquillian-test-impl-base\1.0.0.Final\arquillian-test-impl-base-1.0.0.Final.jar;C:\Users\Thomas\.m2\repository\org\jboss\arquillian\container\arquillian-container-impl-base\1.0.0.Final\arquillian-container-impl-base-1.0.0.Final.jar;C:\Users\Thomas\.m2\repository\org\jboss\arquillian\config\arquillian-config-api\1.0.0.Final\arquillian-config-api-1.0.0.Final.jar;C:\Users\Thomas\.m2\repository\org\jboss\arquillian\config\arquillian-config-impl-base\1.0.0.Final\arquillian-config-impl-base-1.0.0.Final.jar;C:\Users\Thomas\.m2\repository\org\jboss\arquillian\container\arquillian-container-test-impl-base\1.0.0.Final\arquillian-container-test-impl-base-1.0.0.Final.jar;C:\Users\Thomas\.m2\repository\org\jboss\shrinkwrap\shrinkwrap-impl-base\1.0.0\shrinkwrap-impl-base-1.0.0.jar;C:\Users\Thomas\.m2\repository\org\jboss\shrinkwrap\shrinkwrap-spi\1.0.0\shrinkwrap-spi-1.0.0.jar;C:\Users\Thomas\.m2\repository\org\jboss\arquillian\protocol\arquillian-protocol-servlet\1.0.0.Final\arquillian-protocol-servlet-1.0.0.Final.jar;C:\Users\Thomas\.m2\repository\org\jboss\arquillian\container\arquillian-container-spi\1.0.0.Final\arquillian-container-spi-1.0.0.Final.jar;C:\Users\Thomas\.m2\repository\org\jboss\shrinkwrap\descriptors\shrinkwrap-descriptors-api-base\2.0.0-alpha-2\shrinkwrap-descriptors-api-base-2.0.0-alpha-2.jar;C:\Users\Thomas\.m2\repository\org\jboss\shrinkwrap\descriptors\shrinkwrap-descriptors-spi\2.0.0-alpha-2\shrinkwrap-descriptors-spi-2.0.0-alpha-2.jar;"/>
    <property name="java.specification.name" value="Java Platform API Specification"/>
    <property name="java.class.version" value="51.0"/>
    <property name="sun.management.compiler" value="HotSpot 64-Bit Tiered Compilers"/>
    <property name="os.version" value="6.2"/>
    <property name="user.home" value="C:\Users\Thomas"/>
    <property name="user.timezone" value=""/>
    <property name="java.awt.printerjob" value="sun.awt.windows.WPrinterJob"/>
    <property name="java.specification.version" value="1.7"/>
    <property name="file.encoding" value="Cp1252"/>
    <property name="user.name" value="Thomas"/>
    <property name="java.class.path" value="C:\Dev\project\benevolat-ear\benevolat-root\benevolat-root-ejb\target\test-classes;C:\Dev\project\benevolat-ear\benevolat-root\benevolat-root-ejb\target\classes;C:\Users\Thomas\.m2\repository\org\jboss\spec\javax\ejb\jboss-ejb-api_3.1_spec\1.0.2.Final\jboss-ejb-api_3.1_spec-1.0.2.Final.jar;C:\Users\Thomas\.m2\repository\javax\enterprise\cdi-api\1.0-SP4\cdi-api-1.0-SP4.jar;C:\Users\Thomas\.m2\repository\org\jboss\spec\javax\interceptor\jboss-interceptors-api_1.1_spec\1.0.1.Final\jboss-interceptors-api_1.1_spec-1.0.1.Final.jar;C:\Users\Thomas\.m2\repository\javax\inject\javax.inject\1\javax.inject-1.jar;C:\Users\Thomas\.m2\repository\org\hibernate\javax\persistence\hibernate-jpa-2.0-api\1.0.1.Final\hibernate-jpa-2.0-api-1.0.1.Final.jar;C:\Users\Thomas\.m2\repository\org\hibernate\hibernate-validator\4.2.0.Final\hibernate-validator-4.2.0.Final.jar;C:\Users\Thomas\.m2\repository\javax\validation\validation-api\1.0.0.GA\validation-api-1.0.0.GA.jar;C:\Users\Thomas\.m2\repository\org\slf4j\slf4j-api\1.6.1\slf4j-api-1.6.1.jar;C:\Users\Thomas\.m2\repository\org\hibernate\hibernate-jpamodelgen\1.2.0.Final\hibernate-jpamodelgen-1.2.0.Final.jar;C:\Users\Thomas\.m2\repository\org\hibernate\hibernate-annotations\3.5.6-Final\hibernate-annotations-3.5.6-Final.jar;C:\Users\Thomas\.m2\repository\org\hibernate\hibernate-core\4.1.1.Final\hibernate-core-4.1.1.Final.jar;C:\Users\Thomas\.m2\repository\antlr\antlr\2.7.7\antlr-2.7.7.jar;C:\Users\Thomas\.m2\repository\org\jboss\logging\jboss-logging\3.1.0.GA\jboss-logging-3.1.0.GA.jar;C:\Users\Thomas\.m2\repository\org\jboss\spec\javax\transaction\jboss-transaction-api_1.1_spec\1.0.1.Final\jboss-transaction-api_1.1_spec-1.0.1.Final.jar;C:\Users\Thomas\.m2\repository\dom4j\dom4j\1.6.1\dom4j-1.6.1.jar;C:\Users\Thomas\.m2\repository\org\javassist\javassist\3.15.0-GA\javassist-3.15.0-GA.jar;C:\Users\Thomas\.m2\repository\org\hibernate\common\hibernate-commons-annotations\4.0.1.Final\hibernate-commons-annotations-4.0.1.Final.jar;C:\Users\Thomas\.m2\repository\org\hibernate\hibernate-commons-annotations\3.2.0.Final\hibernate-commons-annotations-3.2.0.Final.jar;C:\Users\Thomas\.m2\repository\org\hibernate\hibernate-validator-annotation-processor\4.2.0.Final\hibernate-validator-annotation-processor-4.2.0.Final.jar;C:\Users\Thomas\.m2\repository\junit\junit\4.10\junit-4.10.jar;C:\Users\Thomas\.m2\repository\org\hamcrest\hamcrest-core\1.1\hamcrest-core-1.1.jar;C:\Users\Thomas\.m2\repository\org\jboss\arquillian\junit\arquillian-junit-container\1.0.0.Final\arquillian-junit-container-1.0.0.Final.jar;C:\Users\Thomas\.m2\repository\org\jboss\arquillian\junit\arquillian-junit-core\1.0.0.Final\arquillian-junit-core-1.0.0.Final.jar;C:\Users\Thomas\.m2\repository\org\jboss\arquillian\test\arquillian-test-api\1.0.0.Final\arquillian-test-api-1.0.0.Final.jar;C:\Users\Thomas\.m2\repository\org\jboss\arquillian\core\arquillian-core-api\1.0.0.Final\arquillian-core-api-1.0.0.Final.jar;C:\Users\Thomas\.m2\repository\org\jboss\arquillian\test\arquillian-test-spi\1.0.0.Final\arquillian-test-spi-1.0.0.Final.jar;C:\Users\Thomas\.m2\repository\org\jboss\arquillian\core\arquillian-core-spi\1.0.0.Final\arquillian-core-spi-1.0.0.Final.jar;C:\Users\Thomas\.m2\repository\org\jboss\shrinkwrap\shrinkwrap-api\1.0.0\shrinkwrap-api-1.0.0.jar;C:\Users\Thomas\.m2\repository\org\jboss\arquillian\container\arquillian-container-test-api\1.0.0.Final\arquillian-container-test-api-1.0.0.Final.jar;C:\Users\Thomas\.m2\repository\org\jboss\arquillian\container\arquillian-container-test-spi\1.0.0.Final\arquillian-container-test-spi-1.0.0.Final.jar;C:\Users\Thomas\.m2\repository\org\jboss\arquillian\core\arquillian-core-impl-base\1.0.0.Final\arquillian-core-impl-base-1.0.0.Final.jar;C:\Users\Thomas\.m2\repository\org\jboss\arquillian\test\arquillian-test-impl-base\1.0.0.Final\arquillian-test-impl-base-1.0.0.Final.jar;C:\Users\Thomas\.m2\repository\org\jboss\arquillian\container\arquillian-container-impl-base\1.0.0.Final\arquillian-container-impl-base-1.0.0.Final.jar;C:\Users\Thomas\.m2\repository\org\jboss\arquillian\config\arquillian-config-api\1.0.0.Final\arquillian-config-api-1.0.0.Final.jar;C:\Users\Thomas\.m2\repository\org\jboss\arquillian\config\arquillian-config-impl-base\1.0.0.Final\arquillian-config-impl-base-1.0.0.Final.jar;C:\Users\Thomas\.m2\repository\org\jboss\arquillian\container\arquillian-container-test-impl-base\1.0.0.Final\arquillian-container-test-impl-base-1.0.0.Final.jar;C:\Users\Thomas\.m2\repository\org\jboss\shrinkwrap\shrinkwrap-impl-base\1.0.0\shrinkwrap-impl-base-1.0.0.jar;C:\Users\Thomas\.m2\repository\org\jboss\shrinkwrap\shrinkwrap-spi\1.0.0\shrinkwrap-spi-1.0.0.jar;C:\Users\Thomas\.m2\repository\org\jboss\arquillian\protocol\arquillian-protocol-servlet\1.0.0.Final\arquillian-protocol-servlet-1.0.0.Final.jar;C:\Users\Thomas\.m2\repository\org\jboss\arquillian\container\arquillian-container-spi\1.0.0.Final\arquillian-container-spi-1.0.0.Final.jar;C:\Users\Thomas\.m2\repository\org\jboss\shrinkwrap\descriptors\shrinkwrap-descriptors-api-base\2.0.0-alpha-2\shrinkwrap-descriptors-api-base-2.0.0-alpha-2.jar;C:\Users\Thomas\.m2\repository\org\jboss\shrinkwrap\descriptors\shrinkwrap-descriptors-spi\2.0.0-alpha-2\shrinkwrap-descriptors-spi-2.0.0-alpha-2.jar;"/>
    <property name="java.vm.specification.version" value="1.7"/>
    <property name="sun.arch.data.model" value="64"/>
    <property name="java.home" value="C:\Program Files\Java\jdk1.7.0_21\jre"/>
    <property name="sun.java.command" value="C:\Users\Thomas\AppData\Local\Temp\surefirebooter7245427974403904024.jar C:\Users\Thomas\AppData\Local\Temp\surefire4208208738740383180tmp C:\Users\Thomas\AppData\Local\Temp\surefire3746018218709949926tmp"/>
    <property name="java.specification.vendor" value="Oracle Corporation"/>
    <property name="user.language" value="fr"/>
    <property name="awt.toolkit" value="sun.awt.windows.WToolkit"/>
    <property name="java.vm.info" value="mixed mode"/>
    <property name="java.version" value="1.7.0_21"/>
    <property name="java.ext.dirs" value="C:\Program Files\Java\jdk1.7.0_21\jre\lib\ext;C:\Windows\Sun\Java\lib\ext"/>
    <property name="sun.boot.class.path" value="C:\Program Files\Java\jdk1.7.0_21\jre\lib\resources.jar;C:\Program Files\Java\jdk1.7.0_21\jre\lib\rt.jar;C:\Program Files\Java\jdk1.7.0_21\jre\lib\sunrsasign.jar;C:\Program Files\Java\jdk1.7.0_21\jre\lib\jsse.jar;C:\Program Files\Java\jdk1.7.0_21\jre\lib\jce.jar;C:\Program Files\Java\jdk1.7.0_21\jre\lib\charsets.jar;C:\Program Files\Java\jdk1.7.0_21\jre\lib\jfr.jar;C:\Program Files\Java\jdk1.7.0_21\jre\classes"/>
    <property name="java.vendor" value="Oracle Corporation"/>
    <property name="localRepository" value="C:\Users\Thomas\.m2\repository"/>
    <property name="file.separator" value="\"/>
    <property name="java.vendor.url.bug" value="http://bugreport.sun.com/bugreport/"/>
    <property name="sun.cpu.endian" value="little"/>
    <property name="sun.io.unicode.encoding" value="UnicodeLittle"/>
    <property name="sun.desktop" value="windows"/>
    <property name="sun.cpu.isalist" value="amd64"/>
  </properties>
  <testcase time="0.004" classname="org.benevolat.project.test.TestMissionRegistration" name="testRegister"/>
</testsuite>